02:56:16 [INFO] 📄 Fichier idée : /Users/caracole/Documents/ObsidianVault/Idées/2026-03-20_creer-des-videos-par-code-pas-par-ia.md
02:56:16 [INFO] 🚀 Démarrage du pipeline...
02:56:16 [INFO] 📝 Idée : Créer des vidéos par code, pas par IA
02:56:16 [INFO] ✅ Connecté à Mattermost
02:56:16 [INFO] 👥 Agents chargés : 🏗️ Winston, 💻 Amelia, 🔨 Manolo
02:56:16 [ERROR] Erreur API GET /teams/kwhwcabzet8rmpguc79ttxwrsy/channels/name/pipeline-creer-des-videos-par-code-pas--20260320-0256: 404 Client Error: Not Found for url: http://localhost:8065/api/v4/teams/kwhwcabzet8rmpguc79ttxwrsy/channels/name/pipeline-creer-des-videos-par-code-pas--20260320-0256
02:56:16 [ERROR] Response: {"id":"app.channel.get_by_name.missing.app_error","message":"Channel does not exist.","detailed_error":"","request_id":"4cbbnj3coprdmdq7ujuijb4dho","status_code":404}
02:56:16 [INFO] Création du channel pipeline-creer-des-videos-par-code-pas--20260320-0256...
02:56:16 [INFO] 📢 Channel pipeline créé
02:56:18 [INFO] 💬 Démarrage conversation (15 messages, 5 par agent)
02:56:18 [INFO] 📍 Round 1/5
02:56:18 [INFO]   ⏳ Attente de 🏗️ Winston...
02:56:44 [INFO]   ✅ 🏗️ Winston — message 1/5 (total: 1/15)
02:56:44 [INFO]   ⏳ Attente de 💻 Amelia...
02:57:08 [INFO]   ✅ 💻 Amelia — message 1/5 (total: 2/15)
02:57:08 [INFO]   ⏳ Attente de 🔨 Manolo...
02:57:33 [INFO]   ✅ 🔨 Manolo — message 1/5 (total: 3/15)
02:57:33 [INFO] 📍 Round 2/5
02:57:33 [INFO]   ⏳ Attente de 🏗️ Winston...
02:58:01 [INFO]   ✅ 🏗️ Winston — message 2/5 (total: 4/15)
02:58:01 [INFO]   ⏳ Attente de 💻 Amelia...
02:58:25 [INFO]   ✅ 💻 Amelia — message 2/5 (total: 5/15)
02:58:25 [INFO]   ⏳ Attente de 🔨 Manolo...
03:14:45 [WARNING] ⏱️ Timeout : Manolo n'a pas répondu en 120s
03:14:45 [INFO]   ✅ 🔨 Manolo — message 2/5 (total: 6/15)
03:14:45 [INFO] 📍 Round 3/5
03:14:45 [INFO]   ⏳ Attente de 🏗️ Winston...
03:15:24 [INFO]   ✅ 🏗️ Winston — message 3/5 (total: 7/15)
03:15:24 [INFO]   ⏳ Attente de 💻 Amelia...
03:31:48 [WARNING] ⏱️ Timeout : Amelia n'a pas répondu en 120s
03:31:48 [INFO]   ✅ 💻 Amelia — message 3/5 (total: 8/15)
03:31:48 [INFO]   ⏳ Attente de 🔨 Manolo...
03:32:25 [INFO]   ✅ 🔨 Manolo — message 3/5 (total: 9/15)
03:32:25 [INFO] 📍 Round 4/5
03:32:25 [INFO]   ⏳ Attente de 🏗️ Winston...
03:32:55 [INFO]   ✅ 🏗️ Winston — message 4/5 (total: 10/15)
03:32:55 [INFO]   ⏳ Attente de 💻 Amelia...
03:33:21 [INFO]   ✅ 💻 Amelia — message 4/5 (total: 11/15)
03:33:21 [INFO]   ⏳ Attente de 🔨 Manolo...
03:33:41 [INFO]   ✅ 🔨 Manolo — message 4/5 (total: 12/15)
03:33:41 [INFO] 📍 Round 5/5
03:33:41 [INFO]   ⏳ Attente de 🏗️ Winston...
03:34:11 [INFO]   ✅ 🏗️ Winston — message 5/5 (total: 13/15)
03:34:11 [INFO]   ⏳ Attente de 💻 Amelia...
03:49:36 [WARNING] ⏱️ Timeout : Amelia n'a pas répondu en 120s
03:49:36 [INFO]   ✅ 💻 Amelia — message 5/5 (total: 14/15)
03:49:36 [INFO]   ⏳ Attente de 🔨 Manolo...
03:50:11 [INFO]   ✅ 🔨 Manolo — message 5/5 (total: 15/15)
03:50:11 [INFO] 🎯 Demande de synthèse...
03:50:11 [INFO]   ⏳ Attente de la synthèse par 🔧 Cloclo...
03:50:51 [INFO] 📝 Specs écrites : /Users/caracole/Documents/ObsidianVault/Projets/creer-des-videos-par-code-pas-par-ia-specs.md
03:50:51 [ERROR] Erreur API GET /teams/kwhwcabzet8rmpguc79ttxwrsy/channels/name/orchestrator-log: 404 Client Error: Not Found for url: http://localhost:8065/api/v4/teams/kwhwcabzet8rmpguc79ttxwrsy/channels/name/orchestrator-log
03:50:51 [ERROR] Response: {"id":"app.channel.get_by_name.missing.app_error","message":"Channel does not exist.","detailed_error":"","request_id":"hg4bxfnshtn5tk6jtdh1e1mnse","status_code":404}
03:50:51 [INFO] 🧹 Retrait des agents du channel...
03:50:51 [INFO] ✅ Pipeline terminé avec succès
